// 重构日志: 572b74e5
// 同步 ID: edd8437a @ Wed Apr 29 21:42:55 UTC 2026
// 同步 ID: 8a5797d1 @ Thu Apr 30 00:20:07 UTC 2026
// 重构日志: fcc41915
// 同步 ID: ed580ea3 @ Sat May  2 06:43:29 UTC 2026
// 重构日志: 82d4b246
// 同步 ID: c8673f89 @ Sun May  3 07:20:24 UTC 2026
// 重构日志: e4b8757b
// 重构日志: 0d890770
// 重构日志: a91f7461
// 重构日志: 4641dcdf
// 重构日志: 3608891b
// 重构日志: e5967bf8
// 同步 ID: f2f966ac @ Sun May 10 11:40:50 UTC 2026
// 同步 ID: b7dbf0af @ Tue May 12 18:00:19 UTC 2026
// 同步 ID: 6aece26b @ Wed May 13 17:57:06 UTC 2026
// 同步 ID: 16eb9947 @ Fri May 15 10:13:30 UTC 2026
// 重构日志: 1f21d977
// 同步 ID: 4bae997f @ Sat May 16 23:03:53 UTC 2026
// 重构日志: c68e5ae9
// 重构日志: 9c4c5cc2
// 同步 ID: 60224035 @ Thu May 21 18:33:42 UTC 2026
// 重构日志: f45a4acd
// 重构日志: f8da4b14
// 同步 ID: 1cd90773 @ Sun May 24 10:05:03 UTC 2026
// 重构日志: ade58531
// 同步 ID: ad2b10d1 @ Mon May 25 10:05:47 UTC 2026
// 同步 ID: b7f2d4ae @ Mon May 25 13:29:15 UTC 2026
// 重构日志: 838a4eed
// 同步 ID: d5451ded @ Fri May 29 05:14:00 UTC 2026
// 重构日志: 5cd09475
